<?xml version="1.0" encoding="UTF-8"?>
<!-- Generated by org.testng.reporters.JUnitXMLReporter -->
<testsuite hostname="BLR1-LHP-N61317" name="Surefire test" tests="2" failures="1" timestamp="23 Jan 2019 09:25:11 GMT" time="10.41" errors="0">
  <testcase name="feature" time="8.274" classname="org.testingworld.automation.runcukes.RunAllTest"/>
  <testcase name="feature" time="1.326" classname="org.testingworld.automation.runcukes.RunCukes">
    <failure type="cucumber.runtime.CucumberException" message="junit.framework.AssertionFailedError">
      <![CDATA[cucumber.runtime.CucumberException: junit.framework.AssertionFailedError
	at cucumber.api.testng.TestNGCucumberRunner.runCucumber(TestNGCucumberRunner.java:69)
	at cucumber.api.testng.AbstractTestNGCucumberTests.feature(AbstractTestNGCucumberTests.java:21)
Caused by: junit.framework.AssertionFailedError
	at junit.framework.Assert.fail(Assert.java:55)
	at junit.framework.Assert.assertTrue(Assert.java:22)
	at junit.framework.Assert.assertTrue(Assert.java:31)
	at org.testingworld.automation.runcukes.steps.login_should_be_successful(steps.java:45)
	at âœ½.Then login should be successful(C:/Users/ramesh.biradar/eclipse-workspace/BDDautomation/src/test/resources/featuresFile/FacebookLogin.feature:7)
... Removed 28 stack frames]]>
    </failure>
  </testcase> <!-- feature -->
</testsuite> <!-- Surefire test -->
